<?xml version="1.0" encoding="UTF-8"?>
<!-- Generated by org.testng.reporters.JUnitReportReporter -->
<testsuite hostname="DESKTOP-68OKD54" failures="0" tests="1" name="Testcases.Showcustomerdetails" time="7.360" errors="0" timestamp="2021-07-03T14:08:21 IST" skipped="0">
  <testcase classname="Testcases.Showcustomerdetails" name="setup3" time="7.360"/>
  <system-out/>
</testsuite> <!-- Testcases.Showcustomerdetails -->
