<?xml version="1.0" encoding="UTF-8"?>
<!-- Generated by org.testng.reporters.JUnitReportReporter -->
<testsuite hostname="DESKTOP-68OKD54" failures="0" tests="1" name="Testcases.ManagerLoginpage" time="11.230" errors="0" timestamp="2021-07-03T14:08:21 IST" skipped="0">
  <testcase classname="Testcases.ManagerLoginpage" name="setup1" time="11.230"/>
  <system-out/>
</testsuite> <!-- Testcases.ManagerLoginpage -->
