<?xml version="1.0" encoding="UTF-8"?>
<!-- Generated by org.testng.reporters.JUnitReportReporter -->
<testsuite hostname="DESKTOP-68OKD54" failures="0" tests="1" name="Testcases.gotohomepage" time="2.097" errors="0" timestamp="2021-07-03T14:08:21 IST" skipped="0">
  <testcase classname="Testcases.gotohomepage" name="setup2" time="2.097"/>
  <system-out/>
</testsuite> <!-- Testcases.gotohomepage -->
