<?xml version="1.0" encoding="UTF-8"?>
<!-- Generated by org.testng.reporters.JUnitReportReporter -->
<testsuite hostname="DESKTOP-68OKD54" failures="0" tests="5" name="Testcases.ManagerAddcustomer" time="6.118" errors="0" timestamp="2021-07-03T14:08:21 IST" skipped="0">
  <testcase classname="Testcases.ManagerAddcustomer" name="excelR" time="1.435"/>
  <system-out/>
  <testcase classname="Testcases.ManagerAddcustomer" name="excelR" time="1.446"/>
  <system-out/>
  <testcase classname="Testcases.ManagerAddcustomer" name="excelR" time="1.418"/>
  <system-out/>
  <testcase classname="Testcases.ManagerAddcustomer" name="excelR" time="1.731"/>
  <system-out/>
  <testcase classname="Testcases.ManagerAddcustomer" name="AddCus" time="0.088"/>
  <system-out/>
</testsuite> <!-- Testcases.ManagerAddcustomer -->
