<?xml version="1.0" encoding="UTF-8"?>
<!-- Generated by org.testng.reporters.JUnitReportReporter -->
<testsuite hostname="DESKTOP-68OKD54" failures="0" tests="4" name="Testcases.AllCustomerLogin" time="77.088" errors="0" timestamp="2021-07-03T14:08:21 IST" skipped="0">
  <testcase classname="Testcases.AllCustomerLogin" name="open1" time="19.182"/>
  <system-out/>
  <testcase classname="Testcases.AllCustomerLogin" name="open1" time="19.088"/>
  <system-out/>
  <testcase classname="Testcases.AllCustomerLogin" name="open1" time="19.174"/>
  <system-out/>
  <testcase classname="Testcases.AllCustomerLogin" name="open1" time="19.644"/>
  <system-out/>
</testsuite> <!-- Testcases.AllCustomerLogin -->
