<?xml version="1.0" encoding="UTF-8"?>
<!-- Generated by org.testng.reporters.JUnitReportReporter -->
<testsuite hostname="DESKTOP-68OKD54" failures="0" tests="4" name="Testcases.openAccount" time="6.218" errors="0" timestamp="2021-07-03T14:08:21 IST" skipped="0">
  <testcase classname="Testcases.openAccount" name="open" time="1.526"/>
  <system-out/>
  <testcase classname="Testcases.openAccount" name="open" time="1.674"/>
  <system-out/>
  <testcase classname="Testcases.openAccount" name="open" time="1.519"/>
  <system-out/>
  <testcase classname="Testcases.openAccount" name="open" time="1.499"/>
  <system-out/>
</testsuite> <!-- Testcases.openAccount -->
